<?xml version="1.0" encoding="UTF-8"?>
<!-- Generated by org.testng.reporters.JUnitReportReporter -->
<testsuite hostname="nagesh-test" name="com.epamtest.tests.VerifyVersionNumberTest" tests="1" failures="0" timestamp="13 Jun 2016 01:17:35 GMT" time="21.678" errors="0">
  <testcase name="verifyMantisBTVersion" time="21.678" classname="com.epamtest.tests.VerifyVersionNumberTest"/>
</testsuite> <!-- com.epamtest.tests.VerifyVersionNumberTest -->
